This is pdfTeX, Version 3.141592653-2.6-1.40.24 (MiKTeX 22.3) (preloaded format=pdflatex 2022.6.12)  14 JUN 2022 23:26
entering extended mode
 restricted \write18 enabled.
 file:line:error style messages enabled.
 %&-line parsing enabled.
**c:/Git/Summaries/zhaw-summaries/S_2/LA/LA_RNA_Summary.tex
(c:/Git/Summaries/zhaw-summaries/S_2/LA/LA_RNA_Summary.tex
LaTeX2e <2021-11-15> patch level 1
L3 programming layer <2022-05-04> (0_Setup/Setup.tex (C:\Users\nicow\AppData\Roaming\MiKTeX\tex/latex/extsizes\extarticle.cls
Document Class: extarticle 1996/10/08 v1.0 Non Standard LaTeX document class
(C:\Program Files\MiKTeX\tex/latex/base\size10.clo
File: size10.clo 2021/10/04 v1.4n Standard LaTeX file (size option)
) (C:\Program Files\MiKTeX\tex/latex/base\exscale.sty
Package: exscale 2018/09/24 v2.1i Standard LaTeX package exscale
LaTeX Font Info:    Redeclaring symbol font `largesymbols' on input line 57.
LaTeX Font Info:    Overwriting symbol font `largesymbols' in version `normal'
(Font)                  OMX/cmex/m/n --> OMX/cmex/m/n on input line 57.
LaTeX Font Info:    Overwriting symbol font `largesymbols' in version `bold'
(Font)                  OMX/cmex/m/n --> OMX/cmex/m/n on input line 57.
\big@size=\dimen138
)
\c@part=\count185
\c@section=\count186
\c@subsection=\count187
\c@subsubsection=\count188
\c@paragraph=\count189
\c@subparagraph=\count190
\c@figure=\count191
\c@table=\count192
\abovecaptionskip=\skip47
\belowcaptionskip=\skip48
\bibindent=\dimen139
) (C:\Program Files\MiKTeX\tex/latex/base\inputenc.sty
Package: inputenc 2021/02/14 v1.3d Input encoding file
\inpenc@prehook=\toks16
\inpenc@posthook=\toks17
) (C:\Users\nicow\AppData\Roaming\MiKTeX\tex/latex/geometry\geometry.sty
Package: geometry 2020/01/02 v5.9 Page Geometry
 (C:\Program Files\MiKTeX\tex/latex/graphics\keyval.sty
Package: keyval 2014/10/28 v1.15 key=value parser (DPC)
\KV@toks@=\toks18
) (C:\Program Files\MiKTeX\tex/generic/iftex\ifvtex.sty
Package: ifvtex 2019/10/25 v1.7 ifvtex legacy package. Use iftex instead.
 (C:\Program Files\MiKTeX\tex/generic/iftex\iftex.sty
Package: iftex 2022/02/03 v1.0f TeX engine tests
))
\Gm@cnth=\count193
\Gm@cntv=\count194
\c@Gm@tempcnt=\count195
\Gm@bindingoffset=\dimen140
\Gm@wd@mp=\dimen141
\Gm@odd@mp=\dimen142
\Gm@even@mp=\dimen143
\Gm@layoutwidth=\dimen144
\Gm@layoutheight=\dimen145
\Gm@layouthoffset=\dimen146
\Gm@layoutvoffset=\dimen147
\Gm@dimlist=\toks19
 (C:\Users\nicow\AppData\Roaming\MiKTeX\tex/latex/geometry\geometry.cfg)) (C:\Program Files\MiKTeX\tex/latex/amsmath\amsmath.sty
Package: amsmath 2021/10/15 v2.17l AMS math features
\@mathmargin=\skip49

For additional information on amsmath, use the `?' option.
(C:\Program Files\MiKTeX\tex/latex/amsmath\amstext.sty
Package: amstext 2021/08/26 v2.01 AMS text
 (C:\Program Files\MiKTeX\tex/latex/amsmath\amsgen.sty
File: amsgen.sty 1999/11/30 v2.0 generic functions
\@emptytoks=\toks20
\ex@=\dimen148
)) (C:\Program Files\MiKTeX\tex/latex/amsmath\amsbsy.sty
Package: amsbsy 1999/11/29 v1.2d Bold Symbols
\pmbraise@=\dimen149
) (C:\Program Files\MiKTeX\tex/latex/amsmath\amsopn.sty
Package: amsopn 2021/08/26 v2.02 operator names
)
\inf@bad=\count196
LaTeX Info: Redefining \frac on input line 234.
\uproot@=\count197
\leftroot@=\count198
LaTeX Info: Redefining \overline on input line 399.
\classnum@=\count199
\DOTSCASE@=\count266
LaTeX Info: Redefining \ldots on input line 496.
LaTeX Info: Redefining \dots on input line 499.
LaTeX Info: Redefining \cdots on input line 620.
\Mathstrutbox@=\box50
\strutbox@=\box51
\big@size=\dimen150
LaTeX Font Info:    Redeclaring font encoding OML on input line 743.
LaTeX Font Info:    Redeclaring font encoding OMS on input line 744.
\macc@depth=\count267
\c@MaxMatrixCols=\count268
\dotsspace@=\muskip16
\c@parentequation=\count269
\dspbrk@lvl=\count270
\tag@help=\toks21
\row@=\count271
\column@=\count272
\maxfields@=\count273
\andhelp@=\toks22
\eqnshift@=\dimen151
\alignsep@=\dimen152
\tagshift@=\dimen153
\tagwidth@=\dimen154
\totwidth@=\dimen155
\lineht@=\dimen156
\@envbody=\toks23
\multlinegap=\skip50
\multlinetaggap=\skip51
\mathdisplay@stack=\toks24
LaTeX Info: Redefining \[ on input line 2938.
LaTeX Info: Redefining \] on input line 2939.
) (C:\Program Files\MiKTeX\tex/latex/amsfonts\amsfonts.sty
Package: amsfonts 2013/01/14 v3.01 Basic AMSFonts support
\symAMSa=\mathgroup4
\symAMSb=\mathgroup5
LaTeX Font Info:    Redeclaring math symbol \hbar on input line 98.
LaTeX Font Info:    Overwriting math alphabet `\mathfrak' in version `bold'
(Font)                  U/euf/m/n --> U/euf/b/n on input line 106.
) (C:\Program Files\MiKTeX\tex/latex/lm\lmodern.sty
Package: lmodern 2015/05/01 v1.6.1 Latin Modern Fonts
LaTeX Font Info:    Overwriting symbol font `operators' in version `normal'
(Font)                  OT1/cmr/m/n --> OT1/lmr/m/n on input line 22.
LaTeX Font Info:    Overwriting symbol font `letters' in version `normal'
(Font)                  OML/cmm/m/it --> OML/lmm/m/it on input line 23.
LaTeX Font Info:    Overwriting symbol font `symbols' in version `normal'
(Font)                  OMS/cmsy/m/n --> OMS/lmsy/m/n on input line 24.
LaTeX Font Info:    Overwriting symbol font `largesymbols' in version `normal'
(Font)                  OMX/cmex/m/n --> OMX/lmex/m/n on input line 25.
LaTeX Font Info:    Overwriting symbol font `operators' in version `bold'
(Font)                  OT1/cmr/bx/n --> OT1/lmr/bx/n on input line 26.
LaTeX Font Info:    Overwriting symbol font `letters' in version `bold'
(Font)                  OML/cmm/b/it --> OML/lmm/b/it on input line 27.
LaTeX Font Info:    Overwriting symbol font `symbols' in version `bold'
(Font)                  OMS/cmsy/b/n --> OMS/lmsy/b/n on input line 28.
LaTeX Font Info:    Overwriting symbol font `largesymbols' in version `bold'
(Font)                  OMX/cmex/m/n --> OMX/lmex/m/n on input line 29.
LaTeX Font Info:    Overwriting math alphabet `\mathbf' in version `normal'
(Font)                  OT1/cmr/bx/n --> OT1/lmr/bx/n on input line 31.
LaTeX Font Info:    Overwriting math alphabet `\mathsf' in version `normal'
(Font)                  OT1/cmss/m/n --> OT1/lmss/m/n on input line 32.
LaTeX Font Info:    Overwriting math alphabet `\mathit' in version `normal'
(Font)                  OT1/cmr/m/it --> OT1/lmr/m/it on input line 33.
LaTeX Font Info:    Overwriting math alphabet `\mathtt' in version `normal'
(Font)                  OT1/cmtt/m/n --> OT1/lmtt/m/n on input line 34.
LaTeX Font Info:    Overwriting math alphabet `\mathbf' in version `bold'
(Font)                  OT1/cmr/bx/n --> OT1/lmr/bx/n on input line 35.
LaTeX Font Info:    Overwriting math alphabet `\mathsf' in version `bold'
(Font)                  OT1/cmss/bx/n --> OT1/lmss/bx/n on input line 36.
LaTeX Font Info:    Overwriting math alphabet `\mathit' in version `bold'
(Font)                  OT1/cmr/bx/it --> OT1/lmr/bx/it on input line 37.
LaTeX Font Info:    Overwriting math alphabet `\mathtt' in version `bold'
(Font)                  OT1/cmtt/m/n --> OT1/lmtt/m/n on input line 38.
) (C:\Program Files\MiKTeX\tex/latex/graphics\graphicx.sty
Package: graphicx 2021/09/16 v1.2d Enhanced LaTeX Graphics (DPC,SPQR)
 (C:\Program Files\MiKTeX\tex/latex/graphics\graphics.sty
Package: graphics 2021/03/04 v1.4d Standard LaTeX Graphics (DPC,SPQR)
 (C:\Program Files\MiKTeX\tex/latex/graphics\trig.sty
Package: trig 2021/08/11 v1.11 sin cos tan (DPC)
) (C:\Program Files\MiKTeX\tex/latex/graphics-cfg\graphics.cfg
File: graphics.cfg 2016/06/04 v1.11 sample graphics configuration
)
Package graphics Info: Driver file: pdftex.def on input line 107.
 (C:\Program Files\MiKTeX\tex/latex/graphics-def\pdftex.def
File: pdftex.def 2020/10/05 v1.2a Graphics/color driver for pdftex
))
\Gin@req@height=\dimen157
\Gin@req@width=\dimen158
) (C:\Users\nicow\AppData\Roaming\MiKTeX\tex/latex/ulem\ulem.sty
\UL@box=\box52
\UL@hyphenbox=\box53
\UL@skip=\skip52
\UL@hook=\toks25
\UL@height=\dimen159
\UL@pe=\count274
\UL@pixel=\dimen160
\ULC@box=\box54
Package: ulem 2019/11/18
\ULdepth=\dimen161
) (C:\Program Files\MiKTeX\tex/latex/xcolor\xcolor.sty
Package: xcolor 2021/10/31 v2.13 LaTeX color extensions (UK)
 (C:\Program Files\MiKTeX\tex/latex/graphics-cfg\color.cfg
File: color.cfg 2016/01/02 v1.6 sample color configuration
)
Package xcolor Info: Driver file: pdftex.def on input line 227.
Package xcolor Info: Model `cmy' substituted by `cmy0' on input line 1352.
Package xcolor Info: Model `hsb' substituted by `rgb' on input line 1356.
Package xcolor Info: Model `RGB' extended on input line 1368.
Package xcolor Info: Model `HTML' substituted by `rgb' on input line 1370.
Package xcolor Info: Model `Hsb' substituted by `hsb' on input line 1371.
Package xcolor Info: Model `tHsb' substituted by `hsb' on input line 1372.
Package xcolor Info: Model `HSB' substituted by `hsb' on input line 1373.
Package xcolor Info: Model `Gray' substituted by `gray' on input line 1374.
Package xcolor Info: Model `wave' substituted by `hsb' on input line 1375.
 (C:\Program Files\MiKTeX\tex/latex/graphics\dvipsnam.def
File: dvipsnam.def 2016/06/17 v3.0m Driver-dependent file (DPC,SPQR)
)) (C:\Users\nicow\AppData\Roaming\MiKTeX\tex/latex/enumitem\enumitem.sty
Package: enumitem 2019/06/20 v3.9 Customized lists
\labelindent=\skip53
\enit@outerparindent=\dimen162
\enit@toks=\toks26
\enit@inbox=\box55
\enit@count@id=\count275
\enitdp@description=\count276
) (C:\Users\nicow\AppData\Roaming\MiKTeX\tex/latex/mathabx\mathabx.sty
Package: mathabx 2003/07/29 v0.0 Non-standard LaTeX package mathabx
\symmatha=\mathgroup6
\symmathb=\mathgroup7
\symmathx=\mathgroup8
 (C:\Users\nicow\AppData\Roaming\MiKTeX\tex/generic/mathabx\mathabx.dcl
LaTeX Font Info:    Redeclaring math symbol \cdotp on input line 25.
LaTeX Font Info:    Redeclaring math symbol \times on input line 33.
LaTeX Font Info:    Redeclaring math symbol \div on input line 34.
LaTeX Font Info:    Redeclaring math symbol \cdot on input line 35.
LaTeX Font Info:    Redeclaring math symbol \circ on input line 36.
LaTeX Font Info:    Redeclaring math symbol \ast on input line 38.
LaTeX Font Info:    Redeclaring math symbol \pm on input line 41.
LaTeX Font Info:    Redeclaring math symbol \mp on input line 42.
LaTeX Font Info:    Redeclaring math symbol \diamond on input line 45.
LaTeX Font Info:    Redeclaring math symbol \bullet on input line 46.
LaTeX Font Info:    Redeclaring math symbol \star on input line 47.
LaTeX Font Info:    Redeclaring math symbol \amalg on input line 51.
LaTeX Font Info:    Redeclaring math symbol \square on input line 63.
LaTeX Font Info:    Redeclaring math symbol \equiv on input line 83.
LaTeX Font Info:    Redeclaring math symbol \sim on input line 84.
LaTeX Font Info:    Redeclaring math symbol \approx on input line 85.
LaTeX Font Info:    Redeclaring math symbol \simeq on input line 86.
LaTeX Font Info:    Redeclaring math symbol \asymp on input line 89.
LaTeX Font Info:    Redeclaring math symbol \neg on input line 134.
LaTeX Font Info:    Redeclaring math symbol \ll on input line 136.
LaTeX Font Info:    Redeclaring math symbol \gg on input line 137.
LaTeX Font Info:    Redeclaring math symbol \vdash on input line 139.
LaTeX Font Info:    Redeclaring math symbol \dashv on input line 140.
LaTeX Font Info:    Redeclaring math symbol \flat on input line 158.
LaTeX Font Info:    Redeclaring math symbol \natural on input line 159.
LaTeX Font Info:    Redeclaring math symbol \sharp on input line 160.
LaTeX Font Info:    Redeclaring math symbol \infty on input line 161.
LaTeX Font Info:    Redeclaring math symbol \propto on input line 162.
LaTeX Font Info:    Redeclaring math symbol \dagger on input line 163.
LaTeX Font Info:    Redeclaring math symbol \ddagger on input line 164.
LaTeX Font Info:    Redeclaring math symbol \smile on input line 171.
LaTeX Font Info:    Redeclaring math symbol \frown on input line 172.
LaTeX Font Info:    Redeclaring math accent \dot on input line 193.
LaTeX Font Info:    Redeclaring math accent \ddot on input line 195.
LaTeX Font Info:    Redeclaring math symbol \setminus on input line 218.
LaTeX Font Info:    Redeclaring math symbol \mid on input line 222.
LaTeX Font Info:    Redeclaring math symbol \forall on input line 279.
LaTeX Font Info:    Redeclaring math symbol \partial on input line 281.
LaTeX Font Info:    Redeclaring math symbol \exists on input line 284.
LaTeX Font Info:    Redeclaring math symbol \emptyset on input line 288.
LaTeX Font Info:    Redeclaring math symbol \top on input line 290.
LaTeX Font Info:    Redeclaring math symbol \bot on input line 291.
LaTeX Font Info:    Redeclaring math symbol \perp on input line 292.
LaTeX Font Info:    Redeclaring math symbol \in on input line 299.
LaTeX Font Info:    Redeclaring math symbol \owns on input line 300.
LaTeX Font Info:    Redeclaring math symbol \cap on input line 312.
LaTeX Font Info:    Redeclaring math symbol \cup on input line 313.
LaTeX Font Info:    Redeclaring math symbol \uplus on input line 314.
LaTeX Font Info:    Redeclaring math symbol \sqcap on input line 315.
LaTeX Font Info:    Redeclaring math symbol \sqcup on input line 316.
LaTeX Font Info:    Redeclaring math symbol \wedge on input line 318.
LaTeX Font Info:    Redeclaring math symbol \vee on input line 320.
LaTeX Font Info:    Redeclaring math symbol \subset on input line 344.
LaTeX Font Info:    Redeclaring math symbol \supset on input line 345.
LaTeX Font Info:    Redeclaring math symbol \subseteq on input line 348.
LaTeX Font Info:    Redeclaring math symbol \supseteq on input line 349.
LaTeX Font Info:    Redeclaring math symbol \sqsubseteq on input line 380.
LaTeX Font Info:    Redeclaring math symbol \sqsupseteq on input line 381.
LaTeX Font Info:    Redeclaring math symbol \triangleleft on input line 407.
LaTeX Font Info:    Redeclaring math symbol \vartriangleleft on input line 408.
LaTeX Font Info:    Redeclaring math symbol \triangleright on input line 409.
LaTeX Font Info:    Redeclaring math symbol \vartriangleright on input line 410.
LaTeX Font Info:    Redeclaring math symbol \trianglelefteq on input line 413.
LaTeX Font Info:    Redeclaring math symbol \trianglerighteq on input line 414.
LaTeX Font Info:    Redeclaring math symbol \leq on input line 439.
LaTeX Font Info:    Redeclaring math symbol \geq on input line 441.
LaTeX Font Info:    Redeclaring math symbol \prec on input line 498.
LaTeX Font Info:    Redeclaring math symbol \succ on input line 499.
LaTeX Font Info:    Redeclaring math symbol \preceq on input line 506.
LaTeX Font Info:    Redeclaring math symbol \succeq on input line 507.
LaTeX Font Info:    Redeclaring math symbol \leftarrow on input line 540.
LaTeX Font Info:    Redeclaring math symbol \rightarrow on input line 542.
LaTeX Font Info:    Redeclaring math symbol \nwarrow on input line 546.
LaTeX Font Info:    Redeclaring math symbol \nearrow on input line 547.
LaTeX Font Info:    Redeclaring math symbol \swarrow on input line 548.
LaTeX Font Info:    Redeclaring math symbol \searrow on input line 549.
LaTeX Font Info:    Redeclaring math symbol \leftrightarrow on input line 550.
LaTeX Font Info:    Redeclaring math symbol \mapstochar on input line 557.
LaTeX Font Info:    Redeclaring math symbol \leftharpoonup on input line 560.
LaTeX Font Info:    Redeclaring math symbol \rightharpoonup on input line 561.
LaTeX Font Info:    Redeclaring math symbol \leftharpoondown on input line 562.
LaTeX Font Info:    Redeclaring math symbol \rightharpoondown on input line 563.
LaTeX Font Info:    Redeclaring math symbol \Leftarrow on input line 575.
LaTeX Font Info:    Redeclaring math symbol \Rightarrow on input line 576.
LaTeX Font Info:    Redeclaring math symbol \Leftrightarrow on input line 579.
LaTeX Font Info:    Redeclaring math symbol \rhook on input line 612.
LaTeX Font Info:    Redeclaring math symbol \lhook on input line 613.
LaTeX Font Info:    Redeclaring math symbol \rightsquigarrow on input line 645.
LaTeX Font Info:    Redeclaring math symbol \oplus on input line 658.
LaTeX Font Info:    Redeclaring math symbol \ominus on input line 659.
LaTeX Font Info:    Redeclaring math symbol \otimes on input line 661.
LaTeX Font Info:    Redeclaring math symbol \odot on input line 663.
LaTeX Font Info:    Redeclaring math symbol \oslash on input line 675.
\mayacnter=\count277
\mayacnta=\count278
\mayacntb=\count279
\mayacntc=\count280
\mayawidth=\dimen163
LaTeX Font Info:    Redeclaring math symbol \intop on input line 753.
LaTeX Font Info:    Redeclaring math symbol \ointop on input line 760.
LaTeX Font Info:    Redeclaring math delimiter \lbrace on input line 842.
LaTeX Info: Redefining \{ on input line 846.
LaTeX Font Info:    Redeclaring math delimiter \rbrace on input line 848.
LaTeX Info: Redefining \} on input line 852.
LaTeX Font Info:    Redeclaring math delimiter \langle on input line 858.
LaTeX Font Info:    Redeclaring math delimiter \rangle on input line 859.
LaTeX Font Info:    Redeclaring math delimiter \vert on input line 863.
LaTeX Font Info:    Redeclaring math delimiter \Vert on input line 865.
LaTeX Font Info:    Redeclaring math delimiter \uparrow on input line 868.
LaTeX Font Info:    Redeclaring math delimiter \downarrow on input line 869.
LaTeX Font Info:    Redeclaring math delimiter \updownarrow on input line 870.
LaTeX Font Info:    Redeclaring math delimiter \Uparrow on input line 871.
LaTeX Font Info:    Redeclaring math delimiter \Downarrow on input line 872.
LaTeX Font Info:    Redeclaring math delimiter \Updownarrow on input line 873.
LaTeX Font Info:    Redeclaring math delimiter \lgroup on input line 880.
LaTeX Font Info:    Redeclaring math delimiter \rgroup on input line 881.
LaTeX Font Info:    Redeclaring math delimiter \lceil on input line 882.
LaTeX Font Info:    Redeclaring math delimiter \rceil on input line 883.
LaTeX Font Info:    Redeclaring math delimiter \lfloor on input line 884.
LaTeX Font Info:    Redeclaring math delimiter \rfloor on input line 885.
LaTeX Font Info:    Redeclaring math symbol \braceld on input line 903.
LaTeX Font Info:    Redeclaring math symbol \bracerd on input line 905.
LaTeX Font Info:    Redeclaring math symbol \bracelu on input line 907.
LaTeX Font Info:    Redeclaring math symbol \braceru on input line 909.
LaTeX Font Info:    Redeclaring math accent \widehat on input line 944.
LaTeX Font Info:    Redeclaring math accent \widetilde on input line 946.
)) (C:\Users\nicow\AppData\Roaming\MiKTeX\tex/latex/colortbl\colortbl.sty
Package: colortbl 2020/01/04 v1.0e Color table columns (DPC)
 (C:\Program Files\MiKTeX\tex/latex/tools\array.sty
Package: array 2021/10/04 v2.5f Tabular extension package (FMi)
\col@sep=\dimen164
\ar@mcellbox=\box56
\extrarowheight=\dimen165
\NC@list=\toks27
\extratabsurround=\skip54
\backup@length=\skip55
\ar@cellbox=\box57
)
\everycr=\toks28
\minrowclearance=\skip56
) (C:\Program Files\MiKTeX\tex/generic/babel\babel.sty
Package: babel 2022/05/22 3.75 The Babel package
\babel@savecnt=\count281
\U@D=\dimen166
\l@unhyphenated=\language79
 (C:\Program Files\MiKTeX\tex/generic/babel\txtbabel.def)
\bbl@readstream=\read2
\bbl@dirlevel=\count282

*************************************
* Local config file bblopts.cfg used
*
(C:\Program Files\MiKTeX\tex/latex/arabi\bblopts.cfg
File: bblopts.cfg 2005/09/08 v0.1 add Arabic and Farsi to "declared" options of babel
) (C:\Users\nicow\AppData\Roaming\MiKTeX\tex/latex/babel-german\ngerman.ldf
Language: ngerman 2021/02/27 v2.13 German support for babel (post-1996 orthography)
 (C:\Users\nicow\AppData\Roaming\MiKTeX\tex/latex/babel-german\ngermanb.ldf
Language: ngermanb 2021/02/27 v2.13 German support for babel (post-1996 orthography)
Package babel Info: Making " an active character on input line 122.
))) (C:\Program Files\MiKTeX\tex/generic/babel/locale/de\babel-ngerman.tex (C:\Program Files\MiKTeX\tex/generic/babel/locale/de\babel-german.tex
Package babel Info: Importing font and identification data for ngerman
(babel)             from babel-de.ini. Reported on input line 11.
)) (C:\Users\nicow\AppData\Roaming\MiKTeX\tex/latex/mathtools\mathtools.sty
Package: mathtools 2022/02/07 v1.28a mathematical typesetting tools
 (C:\Program Files\MiKTeX\tex/latex/tools\calc.sty
Package: calc 2017/05/25 v4.3 Infix arithmetic (KKT,FJ)
\calc@Acount=\count283
\calc@Bcount=\count284
\calc@Adimen=\dimen167
\calc@Bdimen=\dimen168
\calc@Askip=\skip57
\calc@Bskip=\skip58
LaTeX Info: Redefining \setlength on input line 80.
LaTeX Info: Redefining \addtolength on input line 81.
\calc@Ccount=\count285
\calc@Cskip=\skip59
) (C:\Users\nicow\AppData\Roaming\MiKTeX\tex/latex/mathtools\mhsetup.sty
Package: mhsetup 2021/03/18 v1.4 programming setup (MH)
)
\g_MT_multlinerow_int=\count286
\l_MT_multwidth_dim=\dimen169
\origjot=\skip60
\l_MT_shortvdotswithinadjustabove_dim=\dimen170
\l_MT_shortvdotswithinadjustbelow_dim=\dimen171
\l_MT_above_intertext_sep=\dimen172
\l_MT_below_intertext_sep=\dimen173
\l_MT_above_shortintertext_sep=\dimen174
\l_MT_below_shortintertext_sep=\dimen175
\xmathstrut@box=\box58
\xmathstrut@dim=\dimen176
) (C:\Users\nicow\AppData\Roaming\MiKTeX\tex/latex/wallpaper\wallpaper.sty
Package: wallpaper 2005/01/18, v1.01 easy wallpaper formatting (MHFW)
 (C:\Program Files\MiKTeX\tex/latex/base\ifthen.sty
Package: ifthen 2020/11/24 v1.1c Standard LaTeX ifthen package (DPC)
) (C:\Users\nicow\AppData\Roaming\MiKTeX\tex/latex/eso-pic\eso-pic.sty
Package: eso-pic 2020/10/14 v3.0a eso-pic (RN)
\ESO@tempdima=\dimen177
\ESO@tempdimb=\dimen178
)
\wpXoffset=\skip61
\wpYoffset=\skip62
\tileXoffset=\skip63
\tileYoffset=\skip64
\tilewidth=\skip65
\tileheight=\skip66
\tileX=\skip67
\tileY=\skip68
) (C:\Users\nicow\AppData\Roaming\MiKTeX\tex/latex/changepage\changepage.sty
Package: changepage 2009/10/20 v1.0c check page and change page layout
\c@cp@cntr=\count287
\cp@tempcnt=\count288
) (C:\Program Files\MiKTeX\tex/latex/pgf/frontendlayer\tikz.sty (C:\Program Files\MiKTeX\tex/latex/pgf/basiclayer\pgf.sty (C:\Program Files\MiKTeX\tex/latex/pgf/utilities\pgfrcs.sty (C:\Program Files\MiKTeX\tex/generic/pgf/utilities\pgfutil-common.tex
\pgfutil@everybye=\toks29
\pgfutil@tempdima=\dimen179
\pgfutil@tempdimb=\dimen180
 (C:\Program Files\MiKTeX\tex/generic/pgf/utilities\pgfutil-common-lists.tex)) (C:\Program Files\MiKTeX\tex/generic/pgf/utilities\pgfutil-latex.def
\pgfutil@abb=\box59
) (C:\Program Files\MiKTeX\tex/generic/pgf/utilities\pgfrcs.code.tex (C:\Program Files\MiKTeX\tex/generic/pgf\pgf.revision.tex)
Package: pgfrcs 2021/05/15 v3.1.9a (3.1.9a)
))
Package: pgf 2021/05/15 v3.1.9a (3.1.9a)
 (C:\Program Files\MiKTeX\tex/latex/pgf/basiclayer\pgfcore.sty (C:\Program Files\MiKTeX\tex/latex/pgf/systemlayer\pgfsys.sty (C:\Program Files\MiKTeX\tex/generic/pgf/systemlayer\pgfsys.code.tex
Package: pgfsys 2021/05/15 v3.1.9a (3.1.9a)
 (C:\Program Files\MiKTeX\tex/generic/pgf/utilities\pgfkeys.code.tex
\pgfkeys@pathtoks=\toks30
\pgfkeys@temptoks=\toks31
 (C:\Program Files\MiKTeX\tex/generic/pgf/utilities\pgfkeysfiltered.code.tex
\pgfkeys@tmptoks=\toks32
))
\pgf@x=\dimen181
\pgf@y=\dimen182
\pgf@xa=\dimen183
\pgf@ya=\dimen184
\pgf@xb=\dimen185
\pgf@yb=\dimen186
\pgf@xc=\dimen187
\pgf@yc=\dimen188
\pgf@xd=\dimen189
\pgf@yd=\dimen190
\w@pgf@writea=\write3
\r@pgf@reada=\read3
\c@pgf@counta=\count289
\c@pgf@countb=\count290
\c@pgf@countc=\count291
\c@pgf@countd=\count292
\t@pgf@toka=\toks33
\t@pgf@tokb=\toks34
\t@pgf@tokc=\toks35
\pgf@sys@id@count=\count293
 (C:\Program Files\MiKTeX\tex/generic/pgf/systemlayer\pgf.cfg
File: pgf.cfg 2021/05/15 v3.1.9a (3.1.9a)
)
Driver file for pgf: pgfsys-pdftex.def
 (C:\Program Files\MiKTeX\tex/generic/pgf/systemlayer\pgfsys-pdftex.def
File: pgfsys-pdftex.def 2021/05/15 v3.1.9a (3.1.9a)
 (C:\Program Files\MiKTeX\tex/generic/pgf/systemlayer\pgfsys-common-pdf.def
File: pgfsys-common-pdf.def 2021/05/15 v3.1.9a (3.1.9a)
))) (C:\Program Files\MiKTeX\tex/generic/pgf/systemlayer\pgfsyssoftpath.code.tex
File: pgfsyssoftpath.code.tex 2021/05/15 v3.1.9a (3.1.9a)
\pgfsyssoftpath@smallbuffer@items=\count294
\pgfsyssoftpath@bigbuffer@items=\count295
) (C:\Program Files\MiKTeX\tex/generic/pgf/systemlayer\pgfsysprotocol.code.tex
File: pgfsysprotocol.code.tex 2021/05/15 v3.1.9a (3.1.9a)
)) (C:\Program Files\MiKTeX\tex/generic/pgf/basiclayer\pgfcore.code.tex
Package: pgfcore 2021/05/15 v3.1.9a (3.1.9a)
 (C:\Program Files\MiKTeX\tex/generic/pgf/math\pgfmath.code.tex (C:\Program Files\MiKTeX\tex/generic/pgf/math\pgfmathcalc.code.tex (C:\Program Files\MiKTeX\tex/generic/pgf/math\pgfmathutil.code.tex) (C:\Program Files\MiKTeX\tex/generic/pgf/math\pgfmathparser.code.tex
\pgfmath@dimen=\dimen191
\pgfmath@count=\count296
\pgfmath@box=\box60
\pgfmath@toks=\toks36
\pgfmath@stack@operand=\toks37
\pgfmath@stack@operation=\toks38
) (C:\Program Files\MiKTeX\tex/generic/pgf/math\pgfmathfunctions.code.tex (C:\Program Files\MiKTeX\tex/generic/pgf/math\pgfmathfunctions.basic.code.tex) (C:\Program Files\MiKTeX\tex/generic/pgf/math\pgfmathfunctions.trigonometric.code.tex) (C:\Program Files\MiKTeX\tex/generic/pgf/math\pgfmathfunctions.random.code.tex) (C:\Program Files\MiKTeX\tex/generic/pgf/math\pgfmathfunctions.comparison.code.tex) (C:\Program Files\MiKTeX\tex/generic/pgf/math\pgfmathfunctions.base.code.tex) (C:\Program Files\MiKTeX\tex/generic/pgf/math\pgfmathfunctions.round.code.tex) (C:\Program Files\MiKTeX\tex/generic/pgf/math\pgfmathfunctions.misc.code.tex) (C:\Program Files\MiKTeX\tex/generic/pgf/math\pgfmathfunctions.integerarithmetics.code.tex))) (C:\Program Files\MiKTeX\tex/generic/pgf/math\pgfmathfloat.code.tex
\c@pgfmathroundto@lastzeros=\count297
)) (C:\Program Files\MiKTeX\tex/generic/pgf/math\pgfint.code.tex) (C:\Program Files\MiKTeX\tex/generic/pgf/basiclayer\pgfcorepoints.code.tex
File: pgfcorepoints.code.tex 2021/05/15 v3.1.9a (3.1.9a)
\pgf@picminx=\dimen192
\pgf@picmaxx=\dimen193
\pgf@picminy=\dimen194
\pgf@picmaxy=\dimen195
\pgf@pathminx=\dimen196
\pgf@pathmaxx=\dimen197
\pgf@pathminy=\dimen198
\pgf@pathmaxy=\dimen199
\pgf@xx=\dimen256
\pgf@xy=\dimen257
\pgf@yx=\dimen258
\pgf@yy=\dimen259
\pgf@zx=\dimen260
\pgf@zy=\dimen261
) (C:\Program Files\MiKTeX\tex/generic/pgf/basiclayer\pgfcorepathconstruct.code.tex
File: pgfcorepathconstruct.code.tex 2021/05/15 v3.1.9a (3.1.9a)
\pgf@path@lastx=\dimen262
\pgf@path@lasty=\dimen263
) (C:\Program Files\MiKTeX\tex/generic/pgf/basiclayer\pgfcorepathusage.code.tex
File: pgfcorepathusage.code.tex 2021/05/15 v3.1.9a (3.1.9a)
\pgf@shorten@end@additional=\dimen264
\pgf@shorten@start@additional=\dimen265
) (C:\Program Files\MiKTeX\tex/generic/pgf/basiclayer\pgfcorescopes.code.tex
File: pgfcorescopes.code.tex 2021/05/15 v3.1.9a (3.1.9a)
\pgfpic=\box61
\pgf@hbox=\box62
\pgf@layerbox@main=\box63
\pgf@picture@serial@count=\count298
) (C:\Program Files\MiKTeX\tex/generic/pgf/basiclayer\pgfcoregraphicstate.code.tex
File: pgfcoregraphicstate.code.tex 2021/05/15 v3.1.9a (3.1.9a)
\pgflinewidth=\dimen266
) (C:\Program Files\MiKTeX\tex/generic/pgf/basiclayer\pgfcoretransformations.code.tex
File: pgfcoretransformations.code.tex 2021/05/15 v3.1.9a (3.1.9a)
\pgf@pt@x=\dimen267
\pgf@pt@y=\dimen268
\pgf@pt@temp=\dimen269
) (C:\Program Files\MiKTeX\tex/generic/pgf/basiclayer\pgfcorequick.code.tex
File: pgfcorequick.code.tex 2021/05/15 v3.1.9a (3.1.9a)
) (C:\Program Files\MiKTeX\tex/generic/pgf/basiclayer\pgfcoreobjects.code.tex
File: pgfcoreobjects.code.tex 2021/05/15 v3.1.9a (3.1.9a)
) (C:\Program Files\MiKTeX\tex/generic/pgf/basiclayer\pgfcorepathprocessing.code.tex
File: pgfcorepathprocessing.code.tex 2021/05/15 v3.1.9a (3.1.9a)
) (C:\Program Files\MiKTeX\tex/generic/pgf/basiclayer\pgfcorearrows.code.tex
File: pgfcorearrows.code.tex 2021/05/15 v3.1.9a (3.1.9a)
\pgfarrowsep=\dimen270
) (C:\Program Files\MiKTeX\tex/generic/pgf/basiclayer\pgfcoreshade.code.tex
File: pgfcoreshade.code.tex 2021/05/15 v3.1.9a (3.1.9a)
\pgf@max=\dimen271
\pgf@sys@shading@range@num=\count299
\pgf@shadingcount=\count300
) (C:\Program Files\MiKTeX\tex/generic/pgf/basiclayer\pgfcoreimage.code.tex
File: pgfcoreimage.code.tex 2021/05/15 v3.1.9a (3.1.9a)
 (C:\Program Files\MiKTeX\tex/generic/pgf/basiclayer\pgfcoreexternal.code.tex
File: pgfcoreexternal.code.tex 2021/05/15 v3.1.9a (3.1.9a)
\pgfexternal@startupbox=\box64
)) (C:\Program Files\MiKTeX\tex/generic/pgf/basiclayer\pgfcorelayers.code.tex
File: pgfcorelayers.code.tex 2021/05/15 v3.1.9a (3.1.9a)
) (C:\Program Files\MiKTeX\tex/generic/pgf/basiclayer\pgfcoretransparency.code.tex
File: pgfcoretransparency.code.tex 2021/05/15 v3.1.9a (3.1.9a)
) (C:\Program Files\MiKTeX\tex/generic/pgf/basiclayer\pgfcorepatterns.code.tex
File: pgfcorepatterns.code.tex 2021/05/15 v3.1.9a (3.1.9a)
) (C:\Program Files\MiKTeX\tex/generic/pgf/basiclayer\pgfcorerdf.code.tex
File: pgfcorerdf.code.tex 2021/05/15 v3.1.9a (3.1.9a)
))) (C:\Program Files\MiKTeX\tex/generic/pgf/modules\pgfmoduleshapes.code.tex
File: pgfmoduleshapes.code.tex 2021/05/15 v3.1.9a (3.1.9a)
\pgfnodeparttextbox=\box65
) (C:\Program Files\MiKTeX\tex/generic/pgf/modules\pgfmoduleplot.code.tex
File: pgfmoduleplot.code.tex 2021/05/15 v3.1.9a (3.1.9a)
) (C:\Program Files\MiKTeX\tex/latex/pgf/compatibility\pgfcomp-version-0-65.sty
Package: pgfcomp-version-0-65 2021/05/15 v3.1.9a (3.1.9a)
\pgf@nodesepstart=\dimen272
\pgf@nodesepend=\dimen273
) (C:\Program Files\MiKTeX\tex/latex/pgf/compatibility\pgfcomp-version-1-18.sty
Package: pgfcomp-version-1-18 2021/05/15 v3.1.9a (3.1.9a)
)) (C:\Program Files\MiKTeX\tex/latex/pgf/utilities\pgffor.sty (C:\Program Files\MiKTeX\tex/latex/pgf/utilities\pgfkeys.sty (C:\Program Files\MiKTeX\tex/generic/pgf/utilities\pgfkeys.code.tex)) (C:\Program Files\MiKTeX\tex/latex/pgf/math\pgfmath.sty (C:\Program Files\MiKTeX\tex/generic/pgf/math\pgfmath.code.tex)) (C:\Program Files\MiKTeX\tex/generic/pgf/utilities\pgffor.code.tex
Package: pgffor 2021/05/15 v3.1.9a (3.1.9a)
 (C:\Program Files\MiKTeX\tex/generic/pgf/math\pgfmath.code.tex)
\pgffor@iter=\dimen274
\pgffor@skip=\dimen275
\pgffor@stack=\toks39
\pgffor@toks=\toks40
)) (C:\Program Files\MiKTeX\tex/generic/pgf/frontendlayer/tikz\tikz.code.tex
Package: tikz 2021/05/15 v3.1.9a (3.1.9a)
 (C:\Program Files\MiKTeX\tex/generic/pgf/libraries\pgflibraryplothandlers.code.tex
File: pgflibraryplothandlers.code.tex 2021/05/15 v3.1.9a (3.1.9a)
\pgf@plot@mark@count=\count301
\pgfplotmarksize=\dimen276
)
\tikz@lastx=\dimen277
\tikz@lasty=\dimen278
\tikz@lastxsaved=\dimen279
\tikz@lastysaved=\dimen280
\tikz@lastmovetox=\dimen281
\tikz@lastmovetoy=\dimen282
\tikzleveldistance=\dimen283
\tikzsiblingdistance=\dimen284
\tikz@figbox=\box66
\tikz@figbox@bg=\box67
\tikz@tempbox=\box68
\tikz@tempbox@bg=\box69
\tikztreelevel=\count302
\tikznumberofchildren=\count303
\tikznumberofcurrentchild=\count304
\tikz@fig@count=\count305
 (C:\Program Files\MiKTeX\tex/generic/pgf/modules\pgfmodulematrix.code.tex
File: pgfmodulematrix.code.tex 2021/05/15 v3.1.9a (3.1.9a)
\pgfmatrixcurrentrow=\count306
\pgfmatrixcurrentcolumn=\count307
\pgf@matrix@numberofcolumns=\count308
)
\tikz@expandcount=\count309
 (C:\Program Files\MiKTeX\tex/generic/pgf/frontendlayer/tikz/libraries\tikzlibrarytopaths.code.tex
File: tikzlibrarytopaths.code.tex 2021/05/15 v3.1.9a (3.1.9a)
))) (C:\Program Files\MiKTeX\tex/latex/tools\tabularx.sty
Package: tabularx 2020/01/15 v2.11c `tabularx' package (DPC)
\TX@col@width=\dimen285
\TX@old@table=\dimen286
\TX@old@col=\dimen287
\TX@target=\dimen288
\TX@delta=\dimen289
\TX@cols=\count310
\TX@ftn=\toks41
) (C:\Program Files\MiKTeX\tex/latex/tcolorbox\tcolorbox.sty
Package: tcolorbox 2022/01/07 version 5.0.2 text color boxes
 (C:\Program Files\MiKTeX\tex/latex/tools\verbatim.sty
Package: verbatim 2020-07-07 v1.5u LaTeX2e package for verbatim enhancements
\every@verbatim=\toks42
\verbatim@line=\toks43
\verbatim@in@stream=\read4
) (C:\Program Files\MiKTeX\tex/latex/environ\environ.sty
Package: environ 2014/05/04 v0.3 A new way to define environments
 (C:\Program Files\MiKTeX\tex/latex/trimspaces\trimspaces.sty
Package: trimspaces 2009/09/17 v1.1 Trim spaces around a token list
)) (C:\Program Files\MiKTeX\tex/latex/etoolbox\etoolbox.sty
Package: etoolbox 2020/10/05 v2.5k e-TeX tools for LaTeX (JAW)
\etb@tempcnta=\count311
)
\tcb@titlebox=\box70
\tcb@upperbox=\box71
\tcb@lowerbox=\box72
\tcb@phantombox=\box73
\c@tcbbreakpart=\count312
\c@tcblayer=\count313
\c@tcolorbox@number=\count314
\tcb@temp=\box74
\tcb@temp=\box75
\tcb@temp=\box76
\tcb@temp=\box77
) (C:\Users\nicow\AppData\Roaming\MiKTeX\tex/latex/lipsum\lipsum.sty (C:\Program Files\MiKTeX\tex/latex/l3packages/l3keys2e\l3keys2e.sty (C:\Program Files\MiKTeX\tex/latex/l3kernel\expl3.sty
Package: expl3 2022-05-04 L3 programming layer (loader) 
 (C:\Program Files\MiKTeX\tex/latex/l3backend\l3backend-pdftex.def
File: l3backend-pdftex.def 2022-04-20 L3 backend support: PDF output (pdfTeX)
\l__color_backend_stack_int=\count315
\l__pdf_internal_box=\box78
))
Package: l3keys2e 2022-01-12 LaTeX2e option processing using LaTeX3 keys
)
Package: lipsum 2021-09-20 v2.7 150 paragraphs of Lorem Ipsum dummy text
\g__lipsum_par_int=\count316
\l__lipsum_a_int=\count317
\l__lipsum_b_int=\count318
 (C:\Users\nicow\AppData\Roaming\MiKTeX\tex/latex/lipsum\lipsum.ltd.tex)) (C:\Program Files\MiKTeX\tex/latex/tools\multicol.sty
Package: multicol 2021/10/28 v1.9b multicolumn formatting (FMi)
\c@tracingmulticols=\count319
\mult@box=\box79
\multicol@leftmargin=\dimen290
\c@unbalance=\count320
\c@collectmore=\count321
\doublecol@number=\count322
\multicoltolerance=\count323
\multicolpretolerance=\count324
\full@width=\dimen291
\page@free=\dimen292
\premulticols=\dimen293
\postmulticols=\dimen294
\multicolsep=\skip69
\multicolbaselineskip=\skip70
\partial@page=\box80
\last@line=\box81
\maxbalancingoverflow=\dimen295
\mult@rightbox=\box82
\mult@grightbox=\box83
\mult@firstbox=\box84
\mult@gfirstbox=\box85
\@tempa=\box86
\@tempa=\box87
\@tempa=\box88
\@tempa=\box89
\@tempa=\box90
\@tempa=\box91
\@tempa=\box92
\@tempa=\box93
\@tempa=\box94
\@tempa=\box95
\@tempa=\box96
\@tempa=\box97
\@tempa=\box98
\@tempa=\box99
\@tempa=\box100
\@tempa=\box101
\@tempa=\box102
\@tempa=\box103
\@tempa=\box104
\@tempa=\box105
\@tempa=\box106
\@tempa=\box107
\@tempa=\box108
\@tempa=\box109
\@tempa=\box110
\@tempa=\box111
\@tempa=\box112
\@tempa=\box113
\@tempa=\box114
\@tempa=\box115
\@tempa=\box116
\@tempa=\box117
\@tempa=\box118
\@tempa=\box119
\@tempa=\box120
\@tempa=\box121
\c@minrows=\count325
\c@columnbadness=\count326
\c@finalcolumnbadness=\count327
\last@try=\dimen296
\multicolovershoot=\dimen297
\multicolundershoot=\dimen298
\mult@nat@firstbox=\box122
\colbreak@box=\box123
\mc@col@check@num=\count328
) (C:\Users\nicow\AppData\Roaming\MiKTeX\tex/latex/letltxmacro\letltxmacro.sty
Package: letltxmacro 2019/12/03 v1.6 Let assignment for LaTeX macros (HO)
) (C:\Program Files\MiKTeX\tex/latex/hyperref\hyperref.sty
Package: hyperref 2022-05-17 v7.00q Hypertext links for LaTeX
 (C:\Users\nicow\AppData\Roaming\MiKTeX\tex/generic/ltxcmds\ltxcmds.sty
Package: ltxcmds 2020-05-10 v1.25 LaTeX kernel commands for general use (HO)
) (C:\Program Files\MiKTeX\tex/generic/pdftexcmds\pdftexcmds.sty
Package: pdftexcmds 2020-06-27 v0.33 Utility functions of pdfTeX for LuaTeX (HO)
 (C:\Users\nicow\AppData\Roaming\MiKTeX\tex/generic/infwarerr\infwarerr.sty
Package: infwarerr 2019/12/03 v1.5 Providing info/warning/error messages (HO)
)
Package pdftexcmds Info: \pdf@primitive is available.
Package pdftexcmds Info: \pdf@ifprimitive is available.
Package pdftexcmds Info: \pdfdraftmode found.
) (C:\Users\nicow\AppData\Roaming\MiKTeX\tex/generic/kvsetkeys\kvsetkeys.sty
Package: kvsetkeys 2019/12/15 v1.18 Key value parser (HO)
) (C:\Users\nicow\AppData\Roaming\MiKTeX\tex/generic/kvdefinekeys\kvdefinekeys.sty
Package: kvdefinekeys 2019-12-19 v1.6 Define keys (HO)
) (C:\Users\nicow\AppData\Roaming\MiKTeX\tex/generic/pdfescape\pdfescape.sty
Package: pdfescape 2019/12/09 v1.15 Implements pdfTeX's escape features (HO)
) (C:\Users\nicow\AppData\Roaming\MiKTeX\tex/latex/hycolor\hycolor.sty
Package: hycolor 2020-01-27 v1.10 Color options for hyperref/bookmark (HO)
) (C:\Users\nicow\AppData\Roaming\MiKTeX\tex/latex/auxhook\auxhook.sty
Package: auxhook 2019-12-17 v1.6 Hooks for auxiliary files (HO)
) (C:\Program Files\MiKTeX\tex/latex/hyperref\nameref.sty
Package: nameref 2022-05-17 v2.50 Cross-referencing by name of section
 (C:\Users\nicow\AppData\Roaming\MiKTeX\tex/latex/refcount\refcount.sty
Package: refcount 2019/12/15 v3.6 Data extraction from label references (HO)
) (C:\Users\nicow\AppData\Roaming\MiKTeX\tex/generic/gettitlestring\gettitlestring.sty
Package: gettitlestring 2019/12/15 v1.6 Cleanup title references (HO)
 (C:\Users\nicow\AppData\Roaming\MiKTeX\tex/latex/kvoptions\kvoptions.sty
Package: kvoptions 2020-10-07 v3.14 Key value format for package options (HO)
))
\c@section@level=\count329
)
\@linkdim=\dimen299
\Hy@linkcounter=\count330
\Hy@pagecounter=\count331
 (C:\Program Files\MiKTeX\tex/latex/hyperref\pd1enc.def
File: pd1enc.def 2022-05-17 v7.00q Hyperref: PDFDocEncoding definition (HO)
Now handling font encoding PD1 ...
... no UTF-8 mapping file for font encoding PD1
) (C:\Users\nicow\AppData\Roaming\MiKTeX\tex/generic/intcalc\intcalc.sty
Package: intcalc 2019/12/15 v1.3 Expandable calculations with integers (HO)
) (C:\Users\nicow\AppData\Roaming\MiKTeX\tex/generic/etexcmds\etexcmds.sty
Package: etexcmds 2019/12/15 v1.7 Avoid name clashes with e-TeX commands (HO)
)
\Hy@SavedSpaceFactor=\count332
 (C:\Program Files\MiKTeX\tex/latex/hyperref\puenc.def
File: puenc.def 2022-05-17 v7.00q Hyperref: PDF Unicode definition (HO)
Now handling font encoding PU ...
... no UTF-8 mapping file for font encoding PU
)
Package hyperref Info: Hyper figures OFF on input line 4139.
Package hyperref Info: Link nesting OFF on input line 4144.
Package hyperref Info: Hyper index ON on input line 4147.
Package hyperref Info: Plain pages OFF on input line 4154.
Package hyperref Info: Backreferencing OFF on input line 4159.
Package hyperref Info: Implicit mode ON; LaTeX internals redefined.
Package hyperref Info: Bookmarks ON on input line 4385.
\c@Hy@tempcnt=\count333
 (C:\Program Files\MiKTeX\tex/latex/url\url.sty
\Urlmuskip=\muskip17
Package: url 2013/09/16  ver 3.4  Verb mode for urls, etc.
)
LaTeX Info: Redefining \url on input line 4723.
\XeTeXLinkMargin=\dimen300
 (C:\Users\nicow\AppData\Roaming\MiKTeX\tex/generic/bitset\bitset.sty
Package: bitset 2019/12/09 v1.3 Handle bit-vector datatype (HO)
 (C:\Users\nicow\AppData\Roaming\MiKTeX\tex/generic/bigintcalc\bigintcalc.sty
Package: bigintcalc 2019/12/15 v1.5 Expandable calculations on big integers (HO)
))
\Fld@menulength=\count334
\Field@Width=\dimen301
\Fld@charsize=\dimen302
Package hyperref Info: Hyper figures OFF on input line 6001.
Package hyperref Info: Link nesting OFF on input line 6006.
Package hyperref Info: Hyper index ON on input line 6009.
Package hyperref Info: backreferencing OFF on input line 6016.
Package hyperref Info: Link coloring OFF on input line 6021.
Package hyperref Info: Link coloring with OCG OFF on input line 6026.
Package hyperref Info: PDF/A mode OFF on input line 6031.
LaTeX Info: Redefining \ref on input line 6078.
LaTeX Info: Redefining \pageref on input line 6078.
 (C:\Program Files\MiKTeX\tex/latex/base\atbegshi-ltx.sty
Package: atbegshi-ltx 2021/01/10 v1.0c Emulation of the original atbegshi
package with kernel methods
)
\Hy@abspage=\count335
\c@Item=\count336
\c@Hfootnote=\count337
)
Package hyperref Info: Driver (autodetected): hpdftex.
 (C:\Program Files\MiKTeX\tex/latex/hyperref\hpdftex.def
File: hpdftex.def 2022-05-17 v7.00q Hyperref driver for pdfTeX
 (C:\Program Files\MiKTeX\tex/latex/base\atveryend-ltx.sty
Package: atveryend-ltx 2020/08/19 v1.0a Emulation of the original atveryend package
with kernel methods
)
\Fld@listcount=\count338
\c@bookmark@seq@number=\count339
 (C:\Users\nicow\AppData\Roaming\MiKTeX\tex/latex/rerunfilecheck\rerunfilecheck.sty
Package: rerunfilecheck 2019/12/05 v1.9 Rerun checks for auxiliary files (HO)
 (C:\Users\nicow\AppData\Roaming\MiKTeX\tex/generic/uniquecounter\uniquecounter.sty
Package: uniquecounter 2019/12/15 v1.4 Provide unlimited unique counter (HO)
)
Package uniquecounter Info: New unique counter `rerunfilecheck' on input line 286.
)
\Hy@SectionHShift=\skip71
) (C:\Users\nicow\AppData\Roaming\MiKTeX\tex/latex/wrapfig\wrapfig.sty
\wrapoverhang=\dimen303
\WF@size=\dimen304
\c@WF@wrappedlines=\count340
\WF@box=\box124
\WF@everypar=\toks44
Package: wrapfig 2003/01/31  v 3.6
)
LaTeX Info: Redefining \vdots on input line 56.
LaTeX Info: Redefining \ddots on input line 79.
LaTeX Info: Redefining \ddots on input line 87.
 (C:\Program Files\MiKTeX\tex/generic/pgf/frontendlayer/tikz/libraries\tikzlibrarydecorations.pathreplacing.code.tex (C:\Program Files\MiKTeX\tex/generic/pgf/frontendlayer/tikz/libraries\tikzlibrarydecorations.code.tex (C:\Program Files\MiKTeX\tex/generic/pgf/modules\pgfmoduledecorations.code.tex
\pgfdecoratedcompleteddistance=\dimen305
\pgfdecoratedremainingdistance=\dimen306
\pgfdecoratedinputsegmentcompleteddistance=\dimen307
\pgfdecoratedinputsegmentremainingdistance=\dimen308
\pgf@decorate@distancetomove=\dimen309
\pgf@decorate@repeatstate=\count341
\pgfdecorationsegmentamplitude=\dimen310
\pgfdecorationsegmentlength=\dimen311
)
\tikz@lib@dec@box=\box125
) (C:\Program Files\MiKTeX\tex/generic/pgf/libraries/decorations\pgflibrarydecorations.pathreplacing.code.tex)) (C:\Program Files\MiKTeX\tex/generic/pgf/frontendlayer/tikz/libraries\tikzlibrarycalc.code.tex
File: tikzlibrarycalc.code.tex 2021/05/15 v3.1.9a (3.1.9a)
)
\c@brace=\count342
)
LaTeX Font Info:    Trying to load font information for OT1+lmss on input line 3.
 (C:\Program Files\MiKTeX\tex/latex/lm\ot1lmss.fd
File: ot1lmss.fd 2015/05/01 v1.6.1 Font defs for Latin Modern
)

LaTeX Warning: Unused global option(s):
    [xcolor].

(LA_RNA_Summary.aux)
\openout1 = `LA_RNA_Summary.aux'.

LaTeX Font Info:    Checking defaults for OML/cmm/m/it on input line 3.
LaTeX Font Info:    ... okay on input line 3.
LaTeX Font Info:    Checking defaults for OMS/cmsy/m/n on input line 3.
LaTeX Font Info:    ... okay on input line 3.
LaTeX Font Info:    Checking defaults for OT1/cmr/m/n on input line 3.
LaTeX Font Info:    ... okay on input line 3.
LaTeX Font Info:    Checking defaults for T1/cmr/m/n on input line 3.
LaTeX Font Info:    ... okay on input line 3.
LaTeX Font Info:    Checking defaults for TS1/cmr/m/n on input line 3.
LaTeX Font Info:    ... okay on input line 3.
LaTeX Font Info:    Checking defaults for OMX/cmex/m/n on input line 3.
LaTeX Font Info:    ... okay on input line 3.
LaTeX Font Info:    Checking defaults for U/mathx/m/n on input line 3.
LaTeX Font Info:    ... okay on input line 3.
LaTeX Font Info:    Checking defaults for PD1/pdf/m/n on input line 3.
LaTeX Font Info:    ... okay on input line 3.
LaTeX Font Info:    Checking defaults for PU/pdf/m/n on input line 3.
LaTeX Font Info:    ... okay on input line 3.

*geometry* driver: auto-detecting
*geometry* detected driver: pdftex
*geometry* verbose mode - [ preamble ] result:
* driver: pdftex
* paper: a4paper
* layout: <same size as paper>
* layoutoffset:(h,v)=(0.0pt,0.0pt)
* modes: landscape 
* h-part:(L,W,R)=(18.49411pt, 808.05862pt, 18.49411pt)
* v-part:(T,H,B)=(19.91684pt, 551.98373pt, 25.6073pt)
* \paperwidth=845.04684pt
* \paperheight=597.50787pt
* \textwidth=808.05862pt
* \textheight=551.98373pt
* \oddsidemargin=-53.77588pt
* \evensidemargin=-53.77588pt
* \topmargin=-89.35315pt
* \headheight=12.0pt
* \headsep=25.0pt
* \topskip=10.0pt
* \footskip=30.0pt
* \marginparwidth=144.0pt
* \marginparsep=11.0pt
* \columnsep=8.53581pt
* \skip\footins=9.0pt plus 4.0pt minus 2.0pt
* \hoffset=0.0pt
* \voffset=0.0pt
* \mag=1000
* \@twocolumnfalse
* \@twosidefalse
* \@mparswitchfalse
* \@reversemarginfalse
* (1in=72.27pt=25.4mm, 1cm=28.453pt)

(C:\Program Files\MiKTeX\tex/context/base/mkii\supp-pdf.mkii
[Loading MPS to PDF converter (version 2006.09.02).]
\scratchcounter=\count343
\scratchdimen=\dimen312
\scratchbox=\box126
\nofMPsegments=\count344
\nofMParguments=\count345
\everyMPshowfont=\toks45
\MPscratchCnt=\count346
\MPscratchDim=\dimen313
\MPnumerator=\count347
\makeMPintoPDFobject=\count348
\everyMPtoPDFconversion=\toks46
) (C:\Program Files\MiKTeX\tex/latex/epstopdf-pkg\epstopdf-base.sty
Package: epstopdf-base 2020-01-24 v2.11 Base part for package epstopdf
Package epstopdf-base Info: Redefining graphics rule for `.eps' on input line 485.
 (C:\Program Files\MiKTeX\tex/latex/00miktex\epstopdf-sys.cfg
File: epstopdf-sys.cfg 2021/03/18 v2.0 Configuration of epstopdf for MiKTeX
))
Package hyperref Info: Link coloring OFF on input line 3.
 (LA_RNA_Summary.out) (LA_RNA_Summary.out)
\@outlinefile=\write4
\openout4 = `LA_RNA_Summary.out'.

LaTeX Font Info:    Trying to load font information for OT1+lmr on input line 18.
 (C:\Program Files\MiKTeX\tex/latex/lm\ot1lmr.fd
File: ot1lmr.fd 2015/05/01 v1.6.1 Font defs for Latin Modern
)
LaTeX Font Info:    Trying to load font information for OML+lmm on input line 18.
 (C:\Program Files\MiKTeX\tex/latex/lm\omllmm.fd
File: omllmm.fd 2015/05/01 v1.6.1 Font defs for Latin Modern
)
LaTeX Font Info:    Trying to load font information for OMS+lmsy on input line 18.
 (C:\Program Files\MiKTeX\tex/latex/lm\omslmsy.fd
File: omslmsy.fd 2015/05/01 v1.6.1 Font defs for Latin Modern
)
LaTeX Font Info:    Trying to load font information for OMX+lmex on input line 18.
 (C:\Program Files\MiKTeX\tex/latex/lm\omxlmex.fd
File: omxlmex.fd 2015/05/01 v1.6.1 Font defs for Latin Modern
)
LaTeX Font Info:    External font `lmex10' loaded for size
(Font)              <9> on input line 18.
LaTeX Font Info:    External font `lmex10' loaded for size
(Font)              <6> on input line 18.
LaTeX Font Info:    External font `lmex10' loaded for size
(Font)              <5> on input line 18.
LaTeX Font Info:    Trying to load font information for U+msa on input line 18.
 (C:\Program Files\MiKTeX\tex/latex/amsfonts\umsa.fd
File: umsa.fd 2013/01/14 v3.01 AMS symbols A
)
LaTeX Font Info:    Trying to load font information for U+msb on input line 18.
 (C:\Program Files\MiKTeX\tex/latex/amsfonts\umsb.fd
File: umsb.fd 2013/01/14 v3.01 AMS symbols B
)
LaTeX Font Info:    External font `lmex10' loaded for size
(Font)              <10> on input line 19.
LaTeX Font Info:    External font `lmex10' loaded for size
(Font)              <7> on input line 19.
<./img//ortho.png, id=6, 217.5628pt x 153.57375pt>
File: ./img//ortho.png Graphic file (type png)
<use ./img//ortho.png>
Package pdftex.def Info: ./img//ortho.png  used on input line 58.
(pdftex.def)             Requested size: 76.14812pt x 53.7516pt.
<./img//Zwischenwinkel.png, id=8, 579.66562pt x 89.58469pt>
File: ./img//Zwischenwinkel.png Graphic file (type png)
<use ./img//Zwischenwinkel.png>
Package pdftex.def Info: ./img//Zwischenwinkel.png  used on input line 73.
(pdftex.def)             Requested size: 231.86214pt x 35.83322pt.
<./img//vekProd.png, id=9, 657.2053pt x 414.04688pt>
File: ./img//vekProd.png Graphic file (type png)
<use ./img//vekProd.png>
Package pdftex.def Info: ./img//vekProd.png  used on input line 80.
(pdftex.def)             Requested size: 98.57654pt x 62.10434pt.
LaTeX Font Info:    Trying to load font information for TS1+lmss on input line 88.
 (C:\Program Files\MiKTeX\tex/latex/lm\ts1lmss.fd
File: ts1lmss.fd 2015/05/01 v1.6.1 Font defs for Latin Modern
)
<./img//vekProd_r2.png, id=10, 442.65375pt x 121.95563pt>
File: ./img//vekProd_r2.png Graphic file (type png)
<use ./img//vekProd_r2.png>
Package pdftex.def Info: ./img//vekProd_r2.png  used on input line 90.
(pdftex.def)             Requested size: 177.05835pt x 48.78137pt.
<./img//vekProdParallelo.png, id=11, 330.48468pt x 210.03468pt>
File: ./img//vekProdParallelo.png Graphic file (type png)
<use ./img//vekProdParallelo.png>
Package pdftex.def Info: ./img//vekProdParallelo.png  used on input line 98.
(pdftex.def)             Requested size: 66.09576pt x 42.00618pt.
<./img//spatprod.png, id=12, 594.72188pt x 216.81pt>
File: ./img//spatprod.png Graphic file (type png)
<use ./img//spatprod.png>
Package pdftex.def Info: ./img//spatprod.png  used on input line 110.
(pdftex.def)             Requested size: 237.88454pt x 86.72246pt.
LaTeX Font Info:    External font `lmex10' loaded for size
(Font)              <12> on input line 117.
LaTeX Font Info:    External font `lmex10' loaded for size
(Font)              <8> on input line 117.
 [1

{C:/Users/nicow/AppData/Local/MiKTeX/fonts/map/pdftex/pdftex.map} <./img//ortho.png> <./img//Zwischenwinkel.png> <./img//vekProd.png> <./img//vekProd_r2.png> <./img//vekProdParallelo.png> <./img//spatprod.png>]
<./img//koord_to_param.png, id=47, 1099.10625pt x 263.48438pt>
File: ./img//koord_to_param.png Graphic file (type png)
<use ./img//koord_to_param.png>
Package pdftex.def Info: ./img//koord_to_param.png  used on input line 246.
(pdftex.def)             Requested size: 219.81735pt x 52.69594pt.
LaTeX Font Info:    External font `lmex10' loaded for size
(Font)              <14.4> on input line 250.
<./img//normiert.png, id=48, 874.01532pt x 226.59656pt>
File: ./img//normiert.png Graphic file (type png)
<use ./img//normiert.png>
Package pdftex.def Info: ./img//normiert.png  used on input line 268.
(pdftex.def)             Requested size: 174.79996pt x 45.3185pt.
<./img//Schnittgerade.png, id=49, 843.15pt x 308.65312pt>
File: ./img//Schnittgerade.png Graphic file (type png)
<use ./img//Schnittgerade.png>
Package pdftex.def Info: ./img//Schnittgerade.png  used on input line 276.
(pdftex.def)             Requested size: 252.94695pt x 92.59665pt.

Underfull \hbox (badness 10000) in paragraph at lines 283--287

 []

<./img//rang.png, id=50, 300.3722pt x 92.59593pt>
File: ./img//rang.png Graphic file (type png)
<use ./img//rang.png>
Package pdftex.def Info: ./img//rang.png  used on input line 298.
(pdftex.def)             Requested size: 225.27858pt x 69.44676pt.
<./img//loesbarkeit.png, id=51, 560.8453pt x 73.02281pt>
File: ./img//loesbarkeit.png Graphic file (type png)
<use ./img//loesbarkeit.png>
Package pdftex.def Info: ./img//loesbarkeit.png  used on input line 302.
(pdftex.def)             Requested size: 252.37805pt x 32.85994pt.
<./img//free_vars.png, id=52, 253.37518pt x 80.44339pt>
File: ./img//free_vars.png Graphic file (type png)
<use ./img//free_vars.png>
Package pdftex.def Info: ./img//free_vars.png  used on input line 305.
(pdftex.def)             Requested size: 190.03091pt x 60.33238pt.
<./img//Lgs_Loesung_nach_Gauss.png, id=53, 601.4972pt x 350.81062pt>
File: ./img//Lgs_Loesung_nach_Gauss.png Graphic file (type png)
<use ./img//Lgs_Loesung_nach_Gauss.png>
Package pdftex.def Info: ./img//Lgs_Loesung_nach_Gauss.png  used on input line 309.
(pdftex.def)             Requested size: 270.67123pt x 157.86331pt.

Overfull \hbox (7.00891pt too wide) in paragraph at lines 309--310
[] 
 []

<./img//untere_obere.png, id=54, 745.28438pt x 483.30562pt>
File: ./img//untere_obere.png Graphic file (type png)
<use ./img//untere_obere.png>
Package pdftex.def Info: ./img//untere_obere.png  used on input line 322.
(pdftex.def)             Requested size: 186.32063pt x 120.82611pt.
[2 <./img//koord_to_param.png> <./img//normiert.png> <./img//Schnittgerade.png> <./img//rang.png> <./img//loesbarkeit.png> <./img//free_vars.png> <./img//Lgs_Loesung_nach_Gauss.png>]
<./img//matrix_multi.png, id=67, 359.84438pt x 428.35031pt>
File: ./img//matrix_multi.png Graphic file (type png)
<use ./img//matrix_multi.png>
Package pdftex.def Info: ./img//matrix_multi.png  used on input line 338.
(pdftex.def)             Requested size: 89.96086pt x 107.08731pt.
<./img//rechenregeln.png, id=68, 158.09062pt x 79.79813pt>
File: ./img//rechenregeln.png Graphic file (type png)
<use ./img//rechenregeln.png>
Package pdftex.def Info: ./img//rechenregeln.png  used on input line 338.
(pdftex.def)             Requested size: 126.47266pt x 63.83856pt.

Overfull \hbox (97.17084pt too wide) in paragraph at lines 338--338
[][]   []
 []


Underfull \hbox (badness 10000) in paragraph at lines 338--338

 []

<./img//3x3_inverse.png, id=69, 933.4875pt x 606.76688pt>
File: ./img//3x3_inverse.png Graphic file (type png)
<use ./img//3x3_inverse.png>
Package pdftex.def Info: ./img//3x3_inverse.png  used on input line 380.
(pdftex.def)             Requested size: 233.3713pt x 151.69135pt.
<./img//checkerboard.png, id=70, 47.42719pt x 48.18pt>
File: ./img//checkerboard.png Graphic file (type png)
<use ./img//checkerboard.png>
Package pdftex.def Info: ./img//checkerboard.png  used on input line 401.
(pdftex.def)             Requested size: 35.5703pt x 36.13489pt.
<./img//laplace.png, id=71, 202.50656pt x 145.29282pt>
File: ./img//laplace.png Graphic file (type png)
<use ./img//laplace.png>
Package pdftex.def Info: ./img//laplace.png  used on input line 408.
(pdftex.def)             Requested size: 81.00117pt x 58.11609pt.
<./img//laplace_full_1.png, id=72, 176.91093pt x 97.11281pt>
File: ./img//laplace_full_1.png Graphic file (type png)
<use ./img//laplace_full_1.png>
Package pdftex.def Info: ./img//laplace_full_1.png  used on input line 414.
(pdftex.def)             Requested size: 106.14737pt x 58.26813pt.
<./img//laplace_full_2.png, id=73, 632.3625pt x 118.19156pt>
File: ./img//laplace_full_2.png Graphic file (type png)
<use ./img//laplace_full_2.png>
Package pdftex.def Info: ./img//laplace_full_2.png  used on input line 416.
(pdftex.def)             Requested size: 252.94052pt x 47.27577pt.
<./img//det.png, id=74, 750.55406pt x 232.61906pt>
File: ./img//det.png Graphic file (type png)
<use ./img//det.png>
Package pdftex.def Info: ./img//det.png  used on input line 425.
(pdftex.def)             Requested size: 225.16795pt x 69.78625pt.
<./img//2x2_det_geom.png, id=75, 164.11313pt x 117.43875pt>
File: ./img//2x2_det_geom.png Graphic file (type png)
<use ./img//2x2_det_geom.png>
Package pdftex.def Info: ./img//2x2_det_geom.png  used on input line 436.
(pdftex.def)             Requested size: 32.82204pt x 23.48732pt.
<./img//3x3_det_geom.png, id=76, 266.49562pt x 201.75375pt>
File: ./img//3x3_det_geom.png Graphic file (type png)
<use ./img//3x3_det_geom.png>
Package pdftex.def Info: ./img//3x3_det_geom.png  used on input line 444.
(pdftex.def)             Requested size: 53.29817pt x 40.35002pt.
[3 <./img//untere_obere.png> <./img//matrix_multi.png> <./img//rechenregeln.png> <./img//3x3_inverse.png> <./img//checkerboard.png> <./img//laplace.png> <./img//laplace_full_1.png> <./img//laplace_full_2.png> <./img//det.png> <./img//2x2_det_geom.png> <./img//3x3_det_geom.png>]
<./img//unterkrit.png, id=97, 345.4334pt x 33.12375pt>
File: ./img//unterkrit.png Graphic file (type png)
<use ./img//unterkrit.png>
Package pdftex.def Info: ./img//unterkrit.png  used on input line 491.
(pdftex.def)             Requested size: 259.0744pt x 24.84274pt.

Underfull \hbox (badness 10000) in paragraph at lines 491--493
[][]
 []

<./img//unterprf1.png, id=98, 881.54344pt x 191.21437pt>
File: ./img//unterprf1.png Graphic file (type png)
<use ./img//unterprf1.png>
Package pdftex.def Info: ./img//unterprf1.png  used on input line 498.
(pdftex.def)             Requested size: 220.38531pt x 47.80347pt.
<./img//unterprf2.png, id=99, 718.18312pt x 85.06781pt>
File: ./img//unterprf2.png Graphic file (type png)
<use ./img//unterprf2.png>
Package pdftex.def Info: ./img//unterprf2.png  used on input line 505.
(pdftex.def)             Requested size: 179.54533pt x 21.26689pt.
<./img//linearkomba.png, id=100, 810.02625pt x 256.70906pt>
File: ./img//linearkomba.png Graphic file (type png)
<use ./img//linearkomba.png>
Package pdftex.def Info: ./img//linearkomba.png  used on input line 514.
(pdftex.def)             Requested size: 121.49869pt x 38.50468pt.
<./img//linearkomb.png, id=101, 901.11656pt x 107.65219pt>
File: ./img//linearkomb.png Graphic file (type png)
<use ./img//linearkomb.png>
Package pdftex.def Info: ./img//linearkomb.png  used on input line 515.
(pdftex.def)             Requested size: 225.27858pt x 26.91298pt.

Underfull \hbox (badness 10000) in paragraph at lines 584--585
[]\OT1/lmss/bx/n/10 Menge von Vek-to-ren auf Er-zeu-gen-de-nei-gen-schaft
 []

<./img//umrechnung_b_to_s_bsp.png, id=102, 198.7425pt x 77.53969pt>
File: ./img//umrechnung_b_to_s_bsp.png Graphic file (type png)
<use ./img//umrechnung_b_to_s_bsp.png>
Package pdftex.def Info: ./img//umrechnung_b_to_s_bsp.png  used on input line 615.
(pdftex.def)             Requested size: 59.6232pt x 23.26207pt.
<./img//umrechnung_b_to_s_lsg.png, id=103, 670.00313pt x 105.39375pt>
File: ./img//umrechnung_b_to_s_lsg.png Graphic file (type png)
<use ./img//umrechnung_b_to_s_lsg.png>
Package pdftex.def Info: ./img//umrechnung_b_to_s_lsg.png  used on input line 619.
(pdftex.def)             Requested size: 201.00249pt x 31.61836pt.
File: ./img//umrechnung_b_to_s_bsp.png Graphic file (type png)
<use ./img//umrechnung_b_to_s_bsp.png>
Package pdftex.def Info: ./img//umrechnung_b_to_s_bsp.png  used on input line 624.
(pdftex.def)             Requested size: 59.6232pt x 23.26207pt.
<./img//Group 4.png, id=104, 430.60875pt x 285.065pt>
File: ./img//Group 4.png Graphic file (type png)
<use ./img//Group 4.png>
Package pdftex.def Info: ./img//Group 4.png  used on input line 628.
(pdftex.def)             Requested size: 129.18361pt x 85.52016pt.
<./img//Matrices_to_vectors.png, id=105, 434.8245pt x 51.7935pt>
File: ./img//Matrices_to_vectors.png Graphic file (type png)
<use ./img//Matrices_to_vectors.png>
Package pdftex.def Info: ./img//Matrices_to_vectors.png  used on input line 636.
(pdftex.def)             Requested size: 173.9267pt x 20.71703pt.
<./img//Matrices_to_vectors_2.png, id=106, 124.0635pt x 113.223pt>
File: ./img//Matrices_to_vectors_2.png Graphic file (type png)
<use ./img//Matrices_to_vectors_2.png>
Package pdftex.def Info: ./img//Matrices_to_vectors_2.png  used on input line 637.
(pdftex.def)             Requested size: 49.62451pt x 45.28839pt.
<./img//lineareabbild_aufgaben.png, id=107, 565.36218pt x 289.83281pt>
File: ./img//lineareabbild_aufgaben.png Graphic file (type png)
<use ./img//lineareabbild_aufgaben.png>
Package pdftex.def Info: ./img//lineareabbild_aufgaben.png  used on input line 658.
(pdftex.def)             Requested size: 169.60995pt x 86.9505pt.
[4 <./img//unterkrit.png> <./img//unterprf1.png> <./img//unterprf2.png> <./img//linearkomba.png> <./img//linearkomb.png>]
<./img//lineareabbild_loesung.png, id=117, 754.31813pt x 651.18282pt>
File: ./img//lineareabbild_loesung.png Graphic file (type png)
<use ./img//lineareabbild_loesung.png>
Package pdftex.def Info: ./img//lineareabbild_loesung.png  used on input line 660.
(pdftex.def)             Requested size: 226.29718pt x 195.35635pt.
<./img//Abbildungsmatrix_cAb_ermitteln.png, id=118, 386.6445pt x 387.24675pt>
File: ./img//Abbildungsmatrix_cAb_ermitteln.png Graphic file (type png)
<use ./img//Abbildungsmatrix_cAb_ermitteln.png>
Package pdftex.def Info: ./img//Abbildungsmatrix_cAb_ermitteln.png  used on input line 666.
(pdftex.def)             Requested size: 231.98848pt x 232.34982pt.
<./img//abbild.png, id=119, 916.1728pt x 146.79843pt>
File: ./img//abbild.png Graphic file (type png)
<use ./img//abbild.png>
Package pdftex.def Info: ./img//abbild.png  used on input line 676.
(pdftex.def)             Requested size: 229.04263pt x 36.69951pt.
<./img//abbild_1.png, id=120, 1213.53375pt x 260.47313pt>
File: ./img//abbild_1.png Graphic file (type png)
<use ./img//abbild_1.png>
Package pdftex.def Info: ./img//abbild_1.png  used on input line 680.
(pdftex.def)             Requested size: 242.70245pt x 52.09369pt.
<./img//abbild_3.png, id=121, 733.23938pt x 240.9pt>
File: ./img//abbild_3.png Graphic file (type png)
<use ./img//abbild_3.png>
Package pdftex.def Info: ./img//abbild_3.png  used on input line 682.
(pdftex.def)             Requested size: 219.97351pt x 72.27055pt.
<./img//bsp5.png, id=122, 796.47563pt x 210.03468pt>
File: ./img//bsp5.png Graphic file (type png)
<use ./img//bsp5.png>
Package pdftex.def Info: ./img//bsp5.png  used on input line 686.
(pdftex.def)             Requested size: 238.94453pt x 63.01088pt.
 [5 <./img//umrechnung_b_to_s_bsp.png> <./img//umrechnung_b_to_s_lsg.png> <./img//Group 4.png> <./img//Matrices_to_vectors.png> <./img//Matrices_to_vectors_2.png> <./img//lineareabbild_aufgaben.png> <./img//lineareabbild_loesung.png> <./img//Abbildungsmatrix_cAb_ermitteln.png>]
<./img//wichtige lineare Abbildungen in der Ebene.png, id=136, 795.72281pt x 365.11406pt>
File: ./img//wichtige lineare Abbildungen in der Ebene.png Graphic file (type png)
<use ./img//wichtige lineare Abbildungen in der Ebene.png>
Package pdftex.def Info: ./img//wichtige lineare Abbildungen in der Ebene.png  used on input line 767.
(pdftex.def)             Requested size: 258.60684pt x 118.66066pt.
<./img//linearen Abbildungen im Raum.png, id=137, 810.77907pt x 825.83531pt>
File: ./img//linearen Abbildungen im Raum.png Graphic file (type png)
<use ./img//linearen Abbildungen im Raum.png>
Package pdftex.def Info: ./img//linearen Abbildungen im Raum.png  used on input line 771.
(pdftex.def)             Requested size: 263.50008pt x 268.3933pt.
<./img//tabelle_spiegelung.png, id=138, 927.89517pt x 631.50214pt>
File: ./img//tabelle_spiegelung.png Graphic file (type png)
<use ./img//tabelle_spiegelung.png>
Package pdftex.def Info: ./img//tabelle_spiegelung.png  used on input line 776.
(pdftex.def)             Requested size: 255.16489pt x 173.6588pt.
<./img//rotation.png, id=139, 684.30656pt x 565.36218pt>
File: ./img//rotation.png Graphic file (type png)
<use ./img//rotation.png>
Package pdftex.def Info: ./img//rotation.png  used on input line 780.
(pdftex.def)             Requested size: 261.75162pt x 216.25464pt.
<./img//rotation_2.png, id=140, 687.31781pt x 102.3825pt>
File: ./img//rotation_2.png Graphic file (type png)
<use ./img//rotation_2.png>
Package pdftex.def Info: ./img//rotation_2.png  used on input line 783.
(pdftex.def)             Requested size: 223.37564pt x 33.27391pt.
<./img//Kern.png, id=141, 905.63344pt x 274.77657pt>
File: ./img//Kern.png Graphic file (type png)
<use ./img//Kern.png>
Package pdftex.def Info: ./img//Kern.png  used on input line 796.
(pdftex.def)             Requested size: 253.57562pt x 76.9369pt.
 [6 <./img//abbild.png> <./img//abbild_1.png> <./img//abbild_3.png> <./img//bsp5.png> <./img//wichtige lineare Abbildungen in der Ebene.png> <./img//linearen Abbildungen im Raum.png> <./img//tabelle_spiegelung.png> <./img//rotation.png> <./img//rotation_2.png>]
<./img//Kern_2.png, id=156, 910.90312pt x 356.83313pt>
File: ./img//Kern_2.png Graphic file (type png)
<use ./img//Kern_2.png>
Package pdftex.def Info: ./img//Kern_2.png  used on input line 798.
(pdftex.def)             Requested size: 255.05113pt x 99.91258pt.
<./img//Kern_3.png, id=157, 284.34804pt x 116.5784pt>
File: ./img//Kern_3.png Graphic file (type png)
<use ./img//Kern_3.png>
Package pdftex.def Info: ./img//Kern_3.png  used on input line 804.
(pdftex.def)             Requested size: 79.6169pt x 32.64172pt.
<./img//Kern_4.png, id=158, 850.46304pt x 374.68553pt>
File: ./img//Kern_4.png Graphic file (type png)
<use ./img//Kern_4.png>
Package pdftex.def Info: ./img//Kern_4.png  used on input line 806.
(pdftex.def)             Requested size: 238.12802pt x 104.91122pt.
<./img//bild.png, id=159, 863.47594pt x 118.94438pt>
File: ./img//bild.png Graphic file (type png)
<use ./img//bild.png>
Package pdftex.def Info: ./img//bild.png  used on input line 837.
(pdftex.def)             Requested size: 241.7716pt x 33.30418pt.
 [7 <./img//Kern.png> <./img//Kern_2.png> <./img//Kern_3.png> <./img//Kern_4.png> <./img//bild.png>] (LA_RNA_Summary.aux)
Package rerunfilecheck Info: File `LA_RNA_Summary.out' has not changed.
(rerunfilecheck)             Checksum: D41D8CD98F00B204E9800998ECF8427E;0.
 ) 
Here is how much of TeX's memory you used:
 27559 strings out of 478614
 532650 string characters out of 2852937
 939839 words of memory out of 3000000
 45119 multiletter control sequences out of 15000+600000
 537668 words of font info for 105 fonts, out of 8000000 for 9000
 1141 hyphenation exceptions out of 8191
 89i,13n,83p,482b,757s stack positions out of 10000i,1000n,20000p,200000b,80000s
{C:/Program Files/MiKTeX/fonts/enc/dvips/lm/lm-mathsy.enc}{C:/Program Files/MiKTeX/fonts/enc/dvips/lm/lm-mathex.enc}{C:/Program Files/MiKTeX/fonts/enc/dvips/lm/lm-mathit.enc}{C:/Program Files/MiKTeX/fonts/enc/dvips/lm/lm-rm.enc} <C:\Users\nicow\AppData\Local\MiKTeX\fonts/pk/ljfour/public/mathabx/dpi600\matha8.pk> <C:\Users\nicow\AppData\Local\MiKTeX\fonts/pk/ljfour/public/mathabx/dpi720\mathx10.pk> <C:\Users\nicow\AppData\Local\MiKTeX\fonts/pk/ljfour/public/mathabx/dpi720\matha12.pk> <C:\Users\nicow\AppData\Local\MiKTeX\fonts/pk/ljfour/public/mathabx/dpi600\mathx10.pk> <C:\Users\nicow\AppData\Local\MiKTeX\fonts/pk/ljfour/public/mathabx/dpi600\matha12.pk>{C:/Program Files/MiKTeX/fonts/enc/dvips/lm/lm-ts1.enc} <C:\Users\nicow\AppData\Local\MiKTeX\fonts/pk/ljfour/public/mathabx/dpi600\matha7.pk> <C:\Users\nicow\AppData\Local\MiKTeX\fonts/pk/ljfour/public/mathabx/dpi600\matha6.pk> <C:\Users\nicow\AppData\Local\MiKTeX\fonts/pk/ljfour/public/mathabx/dpi540\mathx10.pk> <C:\Users\nicow\AppData\Local\MiKTeX\fonts/pk/ljfour/public/mathabx/dpi600\matha9.pk> <C:\Users\nicow\AppData\Local\MiKTeX\fonts/pk/ljfour/public/mathabx/dpi600\matha10.pk><C:/Program Files/MiKTeX/fonts/type1/public/lm/lmex10.pfb><C:/Program Files/MiKTeX/fonts/type1/public/lm/lmmi10.pfb><C:/Program Files/MiKTeX/fonts/type1/public/lm/lmmi12.pfb><C:/Program Files/MiKTeX/fonts/type1/public/lm/lmmi6.pfb><C:/Program Files/MiKTeX/fonts/type1/public/lm/lmmi7.pfb><C:/Program Files/MiKTeX/fonts/type1/public/lm/lmmi8.pfb><C:/Program Files/MiKTeX/fonts/type1/public/lm/lmmi9.pfb><C:/Program Files/MiKTeX/fonts/type1/public/lm/lmr10.pfb><C:/Program Files/MiKTeX/fonts/type1/public/lm/lmr12.pfb><C:/Program Files/MiKTeX/fonts/type1/public/lm/lmr5.pfb><C:/Program Files/MiKTeX/fonts/type1/public/lm/lmr6.pfb><C:/Program Files/MiKTeX/fonts/type1/public/lm/lmr7.pfb><C:/Program Files/MiKTeX/fonts/type1/public/lm/lmr8.pfb><C:/Program Files/MiKTeX/fonts/type1/public/lm/lmr9.pfb><C:/Program Files/MiKTeX/fonts/type1/public/lm/lmss10.pfb><C:/Program Files/MiKTeX/fonts/type1/public/lm/lmss12.pfb><C:/Program Files/MiKTeX/fonts/type1/public/lm/lmss9.pfb><C:/Program Files/MiKTeX/fonts/type1/public/lm/lmssbx10.pfb><C:/Program Files/MiKTeX/fonts/type1/public/lm/lmsy10.pfb><C:/Program Files/MiKTeX/fonts/type1/public/amsfonts/symbols/msbm10.pfb>
Output written on LA_RNA_Summary.pdf (7 pages, 3496184 bytes).
PDF statistics:
 366 PDF objects out of 1000 (max. 8388607)
 8 named destinations out of 1000 (max. 500000)
 268 words of extra memory for PDF output out of 10000 (max. 10000000)

